<?xml version="1.0" encoding="UTF-8"?>
<!-- Generated by org.testng.reporters.JUnitReportReporter -->
<testsuite hostname="LAPTOP-JMEP1M58" failures="0" tests="9" name="test.ProductTests" time="174.342" errors="0" timestamp="2025-10-07T22:18:12 IST" skipped="0">
  <testcase classname="test.ProductTests" name="testProductGridDisplay" time="16.985"/>
  <testcase classname="test.ProductTests" name="testProductFilteringByCategory" time="21.032"/>
  <testcase classname="test.ProductTests" name="testProductDetailsPageElements" time="16.871"/>
  <testcase classname="test.ProductTests" name="testProductImageGallery" time="16.935"/>
  <testcase classname="test.ProductTests" name="testProductDescriptionAndSpecs" time="17.194"/>
  <testcase classname="test.ProductTests" name="testQuantitySelection" time="18.624"/>
  <testcase classname="test.ProductTests" name="testAddToCartFunctionality" time="28.672"/>
  <testcase classname="test.ProductTests" name="testProductPriceDisplay" time="19.501"/>
  <testcase classname="test.ProductTests" name="testProductSizeSelection" time="18.528"/>
</testsuite> <!-- test.ProductTests -->
