<?xml version="1.0" encoding="UTF-8"?>
<!-- Generated by org.testng.reporters.JUnitReportReporter -->
<testsuite hostname="LAPTOP-JMEP1M58" failures="0" tests="3" name="test.HomePageTests" time="58.771" errors="0" timestamp="2025-10-07T22:18:12 IST" skipped="0">
  <testcase classname="test.HomePageTests" name="testHomepageLoadsCorrectly" time="15.834"/>
  <testcase classname="test.HomePageTests" name="testNavigationMenuItems" time="17.618"/>
  <testcase classname="test.HomePageTests" name="testProductCategoriesDisplay" time="25.319"/>
</testsuite> <!-- test.HomePageTests -->
