<?xml version="1.0" encoding="UTF-8"?>
<!-- Generated by org.testng.reporters.JUnitReportReporter -->
<testsuite hostname="LAPTOP-JMEP1M58" failures="0" tests="6" name="test.CartTests" time="158.212" errors="0" timestamp="2025-10-07T22:18:12 IST" skipped="0">
  <testcase classname="test.CartTests" name="testAddingProductsToCart" time="27.973"/>
  <testcase classname="test.CartTests" name="testUpdatingProductQuantityInCart" time="30.811"/>
  <testcase classname="test.CartTests" name="testRemovingProductsFromCart" time="30.970"/>
  <testcase classname="test.CartTests" name="testCartTotalCalculation" time="27.687"/>
  <testcase classname="test.CartTests" name="testEmptyCartMessage" time="11.984"/>
  <testcase classname="test.CartTests" name="testCartIconBadgeUpdate" time="28.787"/>
</testsuite> <!-- test.CartTests -->
