<?xml version="1.0" encoding="UTF-8"?>
<!-- Generated by org.testng.reporters.JUnitReportReporter -->
<testsuite hostname="LAPTOP-JMEP1M58" failures="0" tests="12" name="test.ProductTests" time="0.000" errors="2" timestamp="2025-10-02T12:27:48 IST" skipped="10">
  <testcase classname="test.ProductTests" name="testAddProductToCartFromDetailsPage" time="0.000">
    <skipped/>
  </testcase> <!-- testAddProductToCartFromDetailsPage -->
  <testcase classname="test.ProductTests" name="testProductGridDisplay" time="0.000">
    <skipped/>
  </testcase> <!-- testProductGridDisplay -->
  <testcase classname="test.ProductTests" name="testProductDetailPageElements" time="0.000">
    <skipped/>
  </testcase> <!-- testProductDetailPageElements -->
  <testcase classname="test.ProductTests" name="testProductFiltering" time="0.000">
    <skipped/>
  </testcase> <!-- testProductFiltering -->
  <testcase classname="test.ProductTests" name="testProductImageGallery" time="0.000">
    <skipped/>
  </testcase> <!-- testProductImageGallery -->
  <testcase classname="test.ProductTests" name="setup" time="0.000">
    <error message="Could not initialize class utils.ConfigReader" type="java.lang.NoClassDefFoundError">
      <![CDATA[java.lang.NoClassDefFoundError: Could not initialize class utils.ConfigReader
at managers.DriverManager.getDriver(DriverManager.java:24)
at test.ProductTests.setup(ProductTests.java:23)
at java.base/jdk.internal.reflect.NativeMethodAccessorImpl.invoke0(Native Method)
at java.base/jdk.internal.reflect.NativeMethodAccessorImpl.invoke(NativeMethodAccessorImpl.java:77)
at java.base/jdk.internal.reflect.DelegatingMethodAccessorImpl.invoke(DelegatingMethodAccessorImpl.java:43)
at java.base/java.lang.reflect.Method.invoke(Method.java:568)
at org.testng.internal.invokers.MethodInvocationHelper.invokeMethod(MethodInvocationHelper.java:141)
at org.testng.internal.invokers.MethodInvocationHelper.invokeMethodConsideringTimeout(MethodInvocationHelper.java:71)
at org.testng.internal.invokers.ConfigInvoker.invokeConfigurationMethod(ConfigInvoker.java:400)
at org.testng.internal.invokers.ConfigInvoker.invokeConfigurations(ConfigInvoker.java:333)
at org.testng.internal.invokers.TestInvoker.runConfigMethods(TestInvoker.java:836)
at org.testng.internal.invokers.TestInvoker.invokeMethod(TestInvoker.java:601)
at org.testng.internal.invokers.TestInvoker.invokeTestMethod(TestInvoker.java:230)
at org.testng.internal.invokers.MethodRunner.runInSequence(MethodRunner.java:63)
at org.testng.internal.invokers.TestInvoker$MethodInvocationAgent.invoke(TestInvoker.java:995)
at org.testng.internal.invokers.TestInvoker.invokeTestMethods(TestInvoker.java:203)
at org.testng.internal.invokers.TestMethodWorker.invokeTestMethods(TestMethodWorker.java:154)
at org.testng.internal.invokers.TestMethodWorker.run(TestMethodWorker.java:134)
at java.base/java.util.ArrayList.forEach(ArrayList.java:1511)
at org.testng.TestRunner.privateRun(TestRunner.java:741)
at org.testng.TestRunner.run(TestRunner.java:616)
at org.testng.SuiteRunner.runTest(SuiteRunner.java:421)
at org.testng.SuiteRunner$SuiteWorker.run(SuiteRunner.java:463)
at org.testng.internal.thread.ThreadUtil.lambda$execute$0(ThreadUtil.java:64)
at java.base/java.util.concurrent.FutureTask.run(FutureTask.java:264)
at java.base/java.util.concurrent.ThreadPoolExecutor.runWorker(ThreadPoolExecutor.java:1136)
at java.base/java.util.concurrent.ThreadPoolExecutor$Worker.run(ThreadPoolExecutor.java:635)
at java.base/java.lang.Thread.run(Thread.java:842)
Caused by: java.lang.ExceptionInInitializerError: Exception java.lang.RuntimeException: config.properties file not found at resources/config.properties [in thread "TestNG-tests-1"]
at utils.ConfigReader.<clinit>(ConfigReader.java:19)
at managers.DriverManager.getDriver(DriverManager.java:24)
at test.HomePageTests.setup(HomePageTests.java:20)
... 26 more
]]>
    </error>
  </testcase> <!-- setup -->
  <testcase classname="test.ProductTests" name="testProductImageGallery" time="0.000">
    <skipped/>
  </testcase> <!-- testProductImageGallery -->
  <testcase classname="test.ProductTests" name="testProductGridDisplay" time="0.000">
    <skipped/>
  </testcase> <!-- testProductGridDisplay -->
  <testcase classname="test.ProductTests" name="testAddProductToCartFromDetailsPage" time="0.000">
    <skipped/>
  </testcase> <!-- testAddProductToCartFromDetailsPage -->
  <testcase classname="test.ProductTests" name="setup" time="0.000">
    <error message="Could not initialize class utils.ConfigReader" type="java.lang.NoClassDefFoundError">
      <![CDATA[java.lang.NoClassDefFoundError: Could not initialize class utils.ConfigReader
at managers.DriverManager.getDriver(DriverManager.java:24)
at test.ProductTests.setup(ProductTests.java:23)
at java.base/jdk.internal.reflect.NativeMethodAccessorImpl.invoke0(Native Method)
at java.base/jdk.internal.reflect.NativeMethodAccessorImpl.invoke(NativeMethodAccessorImpl.java:77)
at java.base/jdk.internal.reflect.DelegatingMethodAccessorImpl.invoke(DelegatingMethodAccessorImpl.java:43)
at java.base/java.lang.reflect.Method.invoke(Method.java:568)
at org.testng.internal.invokers.MethodInvocationHelper.invokeMethod(MethodInvocationHelper.java:141)
at org.testng.internal.invokers.MethodInvocationHelper.invokeMethodConsideringTimeout(MethodInvocationHelper.java:71)
at org.testng.internal.invokers.ConfigInvoker.invokeConfigurationMethod(ConfigInvoker.java:400)
at org.testng.internal.invokers.ConfigInvoker.invokeConfigurations(ConfigInvoker.java:333)
at org.testng.internal.invokers.TestInvoker.runConfigMethods(TestInvoker.java:836)
at org.testng.internal.invokers.TestInvoker.invokeMethod(TestInvoker.java:601)
at org.testng.internal.invokers.TestInvoker.invokeTestMethod(TestInvoker.java:230)
at org.testng.internal.invokers.MethodRunner.runInSequence(MethodRunner.java:63)
at org.testng.internal.invokers.TestInvoker$MethodInvocationAgent.invoke(TestInvoker.java:995)
at org.testng.internal.invokers.TestInvoker.invokeTestMethods(TestInvoker.java:203)
at org.testng.internal.invokers.TestMethodWorker.invokeTestMethods(TestMethodWorker.java:154)
at org.testng.internal.invokers.TestMethodWorker.run(TestMethodWorker.java:134)
at java.base/java.util.ArrayList.forEach(ArrayList.java:1511)
at org.testng.TestRunner.privateRun(TestRunner.java:741)
at org.testng.TestRunner.run(TestRunner.java:616)
at org.testng.SuiteRunner.runTest(SuiteRunner.java:421)
at org.testng.SuiteRunner$SuiteWorker.run(SuiteRunner.java:463)
at org.testng.internal.thread.ThreadUtil.lambda$execute$0(ThreadUtil.java:64)
at java.base/java.util.concurrent.FutureTask.run(FutureTask.java:264)
at java.base/java.util.concurrent.ThreadPoolExecutor.runWorker(ThreadPoolExecutor.java:1136)
at java.base/java.util.concurrent.ThreadPoolExecutor$Worker.run(ThreadPoolExecutor.java:635)
at java.base/java.lang.Thread.run(Thread.java:842)
Caused by: java.lang.ExceptionInInitializerError: Exception java.lang.RuntimeException: config.properties file not found at resources/config.properties [in thread "TestNG-tests-1"]
at utils.ConfigReader.<clinit>(ConfigReader.java:19)
at managers.DriverManager.getDriver(DriverManager.java:24)
at test.HomePageTests.setup(HomePageTests.java:20)
... 26 more
]]>
    </error>
  </testcase> <!-- setup -->
  <testcase classname="test.ProductTests" name="testProductDetailPageElements" time="0.000">
    <skipped/>
  </testcase> <!-- testProductDetailPageElements -->
  <testcase classname="test.ProductTests" name="testProductFiltering" time="0.000">
    <skipped/>
  </testcase> <!-- testProductFiltering -->
</testsuite> <!-- test.ProductTests -->
