<?xml version="1.0" encoding="UTF-8"?>
<!-- Generated by org.testng.reporters.JUnitReportReporter -->
<testsuite hostname="LAPTOP-JMEP1M58" failures="0" tests="5" name="test.CheckoutTests" time="170.581" errors="0" timestamp="2025-10-07T13:34:50 IST" skipped="0">
  <testcase classname="test.CheckoutTests" name="testCheckoutButtonFunctionality" time="32.839"/>
  <testcase classname="test.CheckoutTests" name="testShippingFormValidation" time="32.830"/>
  <testcase classname="test.CheckoutTests" name="testPaymentMethodSelection" time="38.284"/>
  <testcase classname="test.CheckoutTests" name="testOrderSummaryInCheckout" time="30.912"/>
  <testcase classname="test.CheckoutTests" name="testOrderConfirmation" time="35.716"/>
</testsuite> <!-- test.CheckoutTests -->
