<?xml version="1.0" encoding="UTF-8"?>
<!-- Generated by org.testng.reporters.JUnitReportReporter -->
<testsuite hostname="LAPTOP-JMEP1M58" failures="0" tests="3" name="test.HomePageTests" time="46.351" errors="0" timestamp="2025-10-06T11:27:15 IST" skipped="0">
  <testcase classname="test.HomePageTests" name="testHomepageLoadsCorrectly" time="10.221"/>
  <testcase classname="test.HomePageTests" name="testNavigationMenuItems" time="14.987"/>
  <testcase classname="test.HomePageTests" name="testProductCategoriesDisplay" time="21.143"/>
</testsuite> <!-- test.HomePageTests -->
