<?xml version="1.0" encoding="UTF-8"?>
<!-- Generated by org.testng.reporters.JUnitReportReporter -->
<testsuite hostname="LAPTOP-JMEP1M58" failures="0" tests="3" name="test.HomePageTests" time="46.960" errors="0" timestamp="2025-10-07T18:42:41 IST" skipped="0">
  <testcase classname="test.HomePageTests" name="testHomepageLoadsCorrectly" time="11.376"/>
  <testcase classname="test.HomePageTests" name="testNavigationMenuItems" time="14.454"/>
  <testcase classname="test.HomePageTests" name="testProductCategoriesDisplay" time="21.130"/>
</testsuite> <!-- test.HomePageTests -->
