<?xml version="1.0" encoding="UTF-8"?>
<!-- Generated by org.testng.reporters.JUnitReportReporter -->
<testsuite hostname="LAPTOP-JMEP1M58" failures="0" tests="9" name="test.ProductTests" time="170.381" errors="0" timestamp="2025-10-07T18:42:42 IST" skipped="0">
  <testcase classname="test.ProductTests" name="testProductGridDisplay" time="16.277"/>
  <testcase classname="test.ProductTests" name="testProductFilteringByCategory" time="20.894"/>
  <testcase classname="test.ProductTests" name="testProductDetailsPageElements" time="16.987"/>
  <testcase classname="test.ProductTests" name="testProductImageGallery" time="16.854"/>
  <testcase classname="test.ProductTests" name="testProductDescriptionAndSpecs" time="16.900"/>
  <testcase classname="test.ProductTests" name="testQuantitySelection" time="18.463"/>
  <testcase classname="test.ProductTests" name="testAddToCartFunctionality" time="28.658"/>
  <testcase classname="test.ProductTests" name="testProductPriceDisplay" time="16.787"/>
  <testcase classname="test.ProductTests" name="testProductSizeSelection" time="18.561"/>
</testsuite> <!-- test.ProductTests -->
