<?xml version="1.0" encoding="UTF-8"?>
<!-- Generated by org.testng.reporters.JUnitReportReporter -->
<testsuite hostname="LAPTOP-JMEP1M58" failures="0" tests="6" name="test.CartTests" time="157.816" errors="0" timestamp="2025-10-07T18:42:42 IST" skipped="0">
  <testcase classname="test.CartTests" name="testAddingProductsToCart" time="27.713"/>
  <testcase classname="test.CartTests" name="testUpdatingProductQuantityInCart" time="30.624"/>
  <testcase classname="test.CartTests" name="testRemovingProductsFromCart" time="30.704"/>
  <testcase classname="test.CartTests" name="testCartTotalCalculation" time="28.594"/>
  <testcase classname="test.CartTests" name="testEmptyCartMessage" time="11.650"/>
  <testcase classname="test.CartTests" name="testCartIconBadgeUpdate" time="28.531"/>
</testsuite> <!-- test.CartTests -->
